<?xml version="1.0" encoding="UTF-8"?>
<testsuite xmlns:xsi="http://www.w3.org/2001/XMLSchema-instance" xsi:noNamespaceSchemaLocation="https://maven.apache.org/surefire/maven-surefire-plugin/xsd/surefire-test-report.xsd" name="com.example.BluditTest" time="30.024" tests="9" errors="1" skipped="0" failures="1">
  <properties>
[...]
</properties>
  <testcase name="addContent" classname="com.example.BluditTest" time="3.19"/>
  <testcase name="addContentDraft" classname="com.example.BluditTest" time="1.443"/>
  <testcase name="addContentSticky" classname="com.example.BluditTest" time="1.55"/>
  <testcase name="changeParent" classname="com.example.BluditTest" time="1.634"/>
  <testcase name="userAdd" classname="com.example.BluditTest" time="6.5">
    <error message="no such element: Unable to locate element: {&quot;method&quot;:&quot;xpath&quot;,&quot;selector&quot;:&quot;//table[@class=&apos;uk-table uk-table-striped&apos;]//td/a[contains(text(), &apos;test1&apos;)]&quot;}&#10;  (Session info: chrome=125.0.6422.142)&#10;For documentation on this error, please visit: https://www.selenium.dev/documentation/webdriver/troubleshooting/errors#no-such-element-exception&#10;Build info: version: &apos;4.20.0&apos;, revision: &apos;866c76ca80&apos;&#10;System info: os.name: &apos;Mac OS X&apos;, os.arch: &apos;aarch64&apos;, os.version: &apos;14.2.1&apos;, java.version: &apos;21.0.3&apos;&#10;Driver info: org.openqa.selenium.chrome.ChromeDriver&#10;Command: [2decdd0468fbe153cec611c96408c5f8, findElement {using=xpath, value=//table[@class=&apos;uk-table uk-table-striped&apos;]//td/a[contains(text(), &apos;test1&apos;)]}]&#10;Capabilities {acceptInsecureCerts: false, browserName: chrome, browserVersion: 125.0.6422.142, chrome: {chromedriverVersion: 125.0.6422.141 (4b1e8393712..., userDataDir: /var/folders/x2/kvq4yk0j7k3...}, fedcm:accounts: true, goog:chromeOptions: {debuggerAddress: localhost:59555}, networkConnectionEnabled: false, pageLoadStrategy: normal, platformName: mac, proxy: Proxy(), se:cdp: ws://localhost:59555/devtoo..., se:cdpVersion: 125.0.6422.142, setWindowRect: true, strictFileInteractability: false, timeouts: {implicit: 0, pageLoad: 300000, script: 30000}, unhandledPromptBehavior: dismiss and notify, webauthn:extension:credBlob: true, webauthn:extension:largeBlob: true, webauthn:extension:minPinLength: true, webauthn:extension:prf: true, webauthn:virtualAuthenticators: true}&#10;Session ID: 2decdd0468fbe153cec611c96408c5f8" type="org.openqa.selenium.NoSuchElementException">org.openqa.selenium.NoSuchElementException: 
no such element: Unable to locate element: {"method":"xpath","selector":"//table[@class='uk-table uk-table-striped']//td/a[contains(text(), 'test1')]"}
  (Session info: chrome=125.0.6422.142)
For documentation on this error, please visit: https://www.selenium.dev/documentation/webdriver/troubleshooting/errors#no-such-element-exception
Build info: version: '4.20.0', revision: '866c76ca80'
System info: os.name: 'Mac OS X', os.arch: 'aarch64', os.version: '14.2.1', java.version: '21.0.3'
Driver info: org.openqa.selenium.chrome.ChromeDriver
Command: [2decdd0468fbe153cec611c96408c5f8, findElement {using=xpath, value=//table[@class='uk-table uk-table-striped']//td/a[contains(text(), 'test1')]}]
Capabilities {acceptInsecureCerts: false, browserName: chrome, browserVersion: 125.0.6422.142, chrome: {chromedriverVersion: 125.0.6422.141 (4b1e8393712..., userDataDir: /var/folders/x2/kvq4yk0j7k3...}, fedcm:accounts: true, goog:chromeOptions: {debuggerAddress: localhost:59555}, networkConnectionEnabled: false, pageLoadStrategy: normal, platformName: mac, proxy: Proxy(), se:cdp: ws://localhost:59555/devtoo..., se:cdpVersion: 125.0.6422.142, setWindowRect: true, strictFileInteractability: false, timeouts: {implicit: 0, pageLoad: 300000, script: 30000}, unhandledPromptBehavior: dismiss and notify, webauthn:extension:credBlob: true, webauthn:extension:largeBlob: true, webauthn:extension:minPinLength: true, webauthn:extension:prf: true, webauthn:virtualAuthenticators: true}
Session ID: 2decdd0468fbe153cec611c96408c5f8
	at com.example.BluditTest.userAdd(BluditTest.java:180)
</error>
    <system-err><![CDATA[Jun 05, 2024 10:37:59 PM org.openqa.selenium.devtools.CdpVersionFinder findNearestMatch
WARNING: Unable to find an exact match for CDP version 125, returning the closest version; found: 124; Please update to a Selenium version that supports CDP version 125
]]></system-err>
  </testcase>
  <testcase name="addSocial" classname="com.example.BluditTest" time="1.463"/>
  <testcase name="changePassword" classname="com.example.BluditTest" time="6.2"/>
  <testcase name="changeUrl" classname="com.example.BluditTest" time="1.455">
    <failure message="expected:&lt;/[]new-post-url&gt; but was:&lt;/[create-your-own-content/]new-post-url&gt;" type="org.junit.ComparisonFailure"><![CDATA[org.junit.ComparisonFailure: expected:</[]new-post-url> but was:</[create-your-own-content/]new-post-url>
	at com.example.BluditTest.changeUrl(BluditTest.java:80)
]]></failure>
    <system-err><![CDATA[Jun 05, 2024 10:38:14 PM org.openqa.selenium.devtools.CdpVersionFinder findNearestMatch
WARNING: Unable to find an exact match for CDP version 125, returning the closest version; found: 124; Please update to a Selenium version that supports CDP version 125
]]></system-err>
  </testcase>
  <testcase name="deletePost" classname="com.example.BluditTest" time="6.58"/>
</testsuite>