<?xml version="1.0" encoding="UTF-8"?>
<testsuite xmlns:xsi="http://www.w3.org/2001/XMLSchema-instance" xsi:noNamespaceSchemaLocation="https://maven.apache.org/surefire/maven-surefire-plugin/xsd/surefire-test-report.xsd" name="com.example.Prestashop" time="112.959" tests="11" errors="0" skipped="0" failures="2">
  <properties>
[...]
</properties>
  <testcase name="verifyPrice" classname="com.example.Prestashop" time="11.325"/>
  <testcase name="emptySave" classname="com.example.Prestashop" time="11.058"/>
  <testcase name="addState" classname="com.example.Prestashop" time="5.022">
    <failure type="java.lang.AssertionError">java.lang.AssertionError
	at com.example.Prestashop.addState(Prestashop.java:104)
</failure>
    <system-err><![CDATA[Jun 05, 2024 10:07:57 PM org.openqa.selenium.devtools.CdpVersionFinder findNearestMatch
WARNING: Unable to find an exact match for CDP version 125, returning the closest version; found: 124; Please update to a Selenium version that supports CDP version 125
]]></system-err>
  </testcase>
  <testcase name="addProductFail" classname="com.example.Prestashop" time="13.076"/>
  <testcase name="addEmptyProductFeature" classname="com.example.Prestashop" time="8.706"/>
  <testcase name="addProductAttribute" classname="com.example.Prestashop" time="9.091"/>
  <testcase name="addProductFeature" classname="com.example.Prestashop" time="8.925"/>
  <testcase name="addProductAttributeFail" classname="com.example.Prestashop" time="8.831"/>
  <testcase name="editProduct" classname="com.example.Prestashop" time="14.36">
    <failure type="java.lang.AssertionError">java.lang.AssertionError
	at com.example.Prestashop.editProduct(Prestashop.java:89)
</failure>
    <system-out><![CDATA[Error in edit the product
]]></system-out>
    <system-err><![CDATA[Jun 05, 2024 10:08:51 PM org.openqa.selenium.devtools.CdpVersionFinder findNearestMatch
WARNING: Unable to find an exact match for CDP version 125, returning the closest version; found: 124; Please update to a Selenium version that supports CDP version 125
]]></system-err>
  </testcase>
  <testcase name="addProduct" classname="com.example.Prestashop" time="13.488"/>
  <testcase name="verifyPriceWithTax" classname="com.example.Prestashop" time="9.066"/>
</testsuite>