<?xml version="1.0" encoding="UTF-8"?>
<testsuite xmlns:xsi="http://www.w3.org/2001/XMLSchema-instance" xsi:noNamespaceSchemaLocation="https://maven.apache.org/surefire/maven-surefire-plugin/xsd/surefire-test-report.xsd" name="com.example.BluditTest" time="15.17" tests="9" errors="9" skipped="0" failures="0">
  <properties>
[...]
</properties>
  <testcase name="addContent" classname="com.example.BluditTest" time="9.299">
    <error message="Could not start a new session. Response code 500. Message: session not created: This version of ChromeDriver only supports Chrome version 121&#10;Current browser version is 125.0.6422.142 with binary path /Applications/Google Chrome.app/Contents/MacOS/Google Chrome &#10;Host info: host: &apos;Nomundaris-MacBook-Air.local&apos;, ip: &apos;fe80:0:0:0:27:a83a:3a0e:ae0%en0&apos;&#10;Build info: version: &apos;4.20.0&apos;, revision: &apos;866c76ca80&apos;&#10;System info: os.name: &apos;Mac OS X&apos;, os.arch: &apos;aarch64&apos;, os.version: &apos;14.2.1&apos;, java.version: &apos;21.0.3&apos;&#10;Driver info: org.openqa.selenium.chrome.ChromeDriver&#10;Command: [null, newSession {capabilities=[Capabilities {browserName: chrome, goog:chromeOptions: {args: [], extensions: []}}]}]" type="org.openqa.selenium.SessionNotCreatedException">org.openqa.selenium.SessionNotCreatedException: 
Could not start a new session. Response code 500. Message: session not created: This version of ChromeDriver only supports Chrome version 121
Current browser version is 125.0.6422.142 with binary path /Applications/Google Chrome.app/Contents/MacOS/Google Chrome 
Host info: host: 'Nomundaris-MacBook-Air.local', ip: 'fe80:0:0:0:27:a83a:3a0e:ae0%en0'
Build info: version: '4.20.0', revision: '866c76ca80'
System info: os.name: 'Mac OS X', os.arch: 'aarch64', os.version: '14.2.1', java.version: '21.0.3'
Driver info: org.openqa.selenium.chrome.ChromeDriver
Command: [null, newSession {capabilities=[Capabilities {browserName: chrome, goog:chromeOptions: {args: [], extensions: []}}]}]
	at com.example.BluditTest.beforeEach(BluditTest.java:29)
</error>
  </testcase>
  <testcase name="addContentDraft" classname="com.example.BluditTest" time="0.841">
    <error message="Could not start a new session. Response code 500. Message: session not created: This version of ChromeDriver only supports Chrome version 121&#10;Current browser version is 125.0.6422.142 with binary path /Applications/Google Chrome.app/Contents/MacOS/Google Chrome &#10;Host info: host: &apos;Nomundaris-MacBook-Air.local&apos;, ip: &apos;fe80:0:0:0:27:a83a:3a0e:ae0%en0&apos;&#10;Build info: version: &apos;4.20.0&apos;, revision: &apos;866c76ca80&apos;&#10;System info: os.name: &apos;Mac OS X&apos;, os.arch: &apos;aarch64&apos;, os.version: &apos;14.2.1&apos;, java.version: &apos;21.0.3&apos;&#10;Driver info: org.openqa.selenium.chrome.ChromeDriver&#10;Command: [null, newSession {capabilities=[Capabilities {browserName: chrome, goog:chromeOptions: {args: [], extensions: []}}]}]" type="org.openqa.selenium.SessionNotCreatedException">org.openqa.selenium.SessionNotCreatedException: 
Could not start a new session. Response code 500. Message: session not created: This version of ChromeDriver only supports Chrome version 121
Current browser version is 125.0.6422.142 with binary path /Applications/Google Chrome.app/Contents/MacOS/Google Chrome 
Host info: host: 'Nomundaris-MacBook-Air.local', ip: 'fe80:0:0:0:27:a83a:3a0e:ae0%en0'
Build info: version: '4.20.0', revision: '866c76ca80'
System info: os.name: 'Mac OS X', os.arch: 'aarch64', os.version: '14.2.1', java.version: '21.0.3'
Driver info: org.openqa.selenium.chrome.ChromeDriver
Command: [null, newSession {capabilities=[Capabilities {browserName: chrome, goog:chromeOptions: {args: [], extensions: []}}]}]
	at com.example.BluditTest.beforeEach(BluditTest.java:29)
</error>
  </testcase>
  <testcase name="addContentSticky" classname="com.example.BluditTest" time="0.963">
    <error message="Could not start a new session. Response code 500. Message: session not created: This version of ChromeDriver only supports Chrome version 121&#10;Current browser version is 125.0.6422.142 with binary path /Applications/Google Chrome.app/Contents/MacOS/Google Chrome &#10;Host info: host: &apos;Nomundaris-MacBook-Air.local&apos;, ip: &apos;fe80:0:0:0:27:a83a:3a0e:ae0%en0&apos;&#10;Build info: version: &apos;4.20.0&apos;, revision: &apos;866c76ca80&apos;&#10;System info: os.name: &apos;Mac OS X&apos;, os.arch: &apos;aarch64&apos;, os.version: &apos;14.2.1&apos;, java.version: &apos;21.0.3&apos;&#10;Driver info: org.openqa.selenium.chrome.ChromeDriver&#10;Command: [null, newSession {capabilities=[Capabilities {browserName: chrome, goog:chromeOptions: {args: [], extensions: []}}]}]" type="org.openqa.selenium.SessionNotCreatedException">org.openqa.selenium.SessionNotCreatedException: 
Could not start a new session. Response code 500. Message: session not created: This version of ChromeDriver only supports Chrome version 121
Current browser version is 125.0.6422.142 with binary path /Applications/Google Chrome.app/Contents/MacOS/Google Chrome 
Host info: host: 'Nomundaris-MacBook-Air.local', ip: 'fe80:0:0:0:27:a83a:3a0e:ae0%en0'
Build info: version: '4.20.0', revision: '866c76ca80'
System info: os.name: 'Mac OS X', os.arch: 'aarch64', os.version: '14.2.1', java.version: '21.0.3'
Driver info: org.openqa.selenium.chrome.ChromeDriver
Command: [null, newSession {capabilities=[Capabilities {browserName: chrome, goog:chromeOptions: {args: [], extensions: []}}]}]
	at com.example.BluditTest.beforeEach(BluditTest.java:29)
</error>
  </testcase>
  <testcase name="changeParent" classname="com.example.BluditTest" time="0.724">
    <error message="Could not start a new session. Response code 500. Message: session not created: This version of ChromeDriver only supports Chrome version 121&#10;Current browser version is 125.0.6422.142 with binary path /Applications/Google Chrome.app/Contents/MacOS/Google Chrome &#10;Host info: host: &apos;Nomundaris-MacBook-Air.local&apos;, ip: &apos;fe80:0:0:0:27:a83a:3a0e:ae0%en0&apos;&#10;Build info: version: &apos;4.20.0&apos;, revision: &apos;866c76ca80&apos;&#10;System info: os.name: &apos;Mac OS X&apos;, os.arch: &apos;aarch64&apos;, os.version: &apos;14.2.1&apos;, java.version: &apos;21.0.3&apos;&#10;Driver info: org.openqa.selenium.chrome.ChromeDriver&#10;Command: [null, newSession {capabilities=[Capabilities {browserName: chrome, goog:chromeOptions: {args: [], extensions: []}}]}]" type="org.openqa.selenium.SessionNotCreatedException">org.openqa.selenium.SessionNotCreatedException: 
Could not start a new session. Response code 500. Message: session not created: This version of ChromeDriver only supports Chrome version 121
Current browser version is 125.0.6422.142 with binary path /Applications/Google Chrome.app/Contents/MacOS/Google Chrome 
Host info: host: 'Nomundaris-MacBook-Air.local', ip: 'fe80:0:0:0:27:a83a:3a0e:ae0%en0'
Build info: version: '4.20.0', revision: '866c76ca80'
System info: os.name: 'Mac OS X', os.arch: 'aarch64', os.version: '14.2.1', java.version: '21.0.3'
Driver info: org.openqa.selenium.chrome.ChromeDriver
Command: [null, newSession {capabilities=[Capabilities {browserName: chrome, goog:chromeOptions: {args: [], extensions: []}}]}]
	at com.example.BluditTest.beforeEach(BluditTest.java:29)
</error>
  </testcase>
  <testcase name="userAdd" classname="com.example.BluditTest" time="0.66">
    <error message="Could not start a new session. Response code 500. Message: session not created: This version of ChromeDriver only supports Chrome version 121&#10;Current browser version is 125.0.6422.142 with binary path /Applications/Google Chrome.app/Contents/MacOS/Google Chrome &#10;Host info: host: &apos;Nomundaris-MacBook-Air.local&apos;, ip: &apos;fe80:0:0:0:27:a83a:3a0e:ae0%en0&apos;&#10;Build info: version: &apos;4.20.0&apos;, revision: &apos;866c76ca80&apos;&#10;System info: os.name: &apos;Mac OS X&apos;, os.arch: &apos;aarch64&apos;, os.version: &apos;14.2.1&apos;, java.version: &apos;21.0.3&apos;&#10;Driver info: org.openqa.selenium.chrome.ChromeDriver&#10;Command: [null, newSession {capabilities=[Capabilities {browserName: chrome, goog:chromeOptions: {args: [], extensions: []}}]}]" type="org.openqa.selenium.SessionNotCreatedException">org.openqa.selenium.SessionNotCreatedException: 
Could not start a new session. Response code 500. Message: session not created: This version of ChromeDriver only supports Chrome version 121
Current browser version is 125.0.6422.142 with binary path /Applications/Google Chrome.app/Contents/MacOS/Google Chrome 
Host info: host: 'Nomundaris-MacBook-Air.local', ip: 'fe80:0:0:0:27:a83a:3a0e:ae0%en0'
Build info: version: '4.20.0', revision: '866c76ca80'
System info: os.name: 'Mac OS X', os.arch: 'aarch64', os.version: '14.2.1', java.version: '21.0.3'
Driver info: org.openqa.selenium.chrome.ChromeDriver
Command: [null, newSession {capabilities=[Capabilities {browserName: chrome, goog:chromeOptions: {args: [], extensions: []}}]}]
	at com.example.BluditTest.beforeEach(BluditTest.java:29)
</error>
  </testcase>
  <testcase name="addSocial" classname="com.example.BluditTest" time="0.668">
    <error message="Could not start a new session. Response code 500. Message: session not created: This version of ChromeDriver only supports Chrome version 121&#10;Current browser version is 125.0.6422.142 with binary path /Applications/Google Chrome.app/Contents/MacOS/Google Chrome &#10;Host info: host: &apos;Nomundaris-MacBook-Air.local&apos;, ip: &apos;fe80:0:0:0:27:a83a:3a0e:ae0%en0&apos;&#10;Build info: version: &apos;4.20.0&apos;, revision: &apos;866c76ca80&apos;&#10;System info: os.name: &apos;Mac OS X&apos;, os.arch: &apos;aarch64&apos;, os.version: &apos;14.2.1&apos;, java.version: &apos;21.0.3&apos;&#10;Driver info: org.openqa.selenium.chrome.ChromeDriver&#10;Command: [null, newSession {capabilities=[Capabilities {browserName: chrome, goog:chromeOptions: {args: [], extensions: []}}]}]" type="org.openqa.selenium.SessionNotCreatedException">org.openqa.selenium.SessionNotCreatedException: 
Could not start a new session. Response code 500. Message: session not created: This version of ChromeDriver only supports Chrome version 121
Current browser version is 125.0.6422.142 with binary path /Applications/Google Chrome.app/Contents/MacOS/Google Chrome 
Host info: host: 'Nomundaris-MacBook-Air.local', ip: 'fe80:0:0:0:27:a83a:3a0e:ae0%en0'
Build info: version: '4.20.0', revision: '866c76ca80'
System info: os.name: 'Mac OS X', os.arch: 'aarch64', os.version: '14.2.1', java.version: '21.0.3'
Driver info: org.openqa.selenium.chrome.ChromeDriver
Command: [null, newSession {capabilities=[Capabilities {browserName: chrome, goog:chromeOptions: {args: [], extensions: []}}]}]
	at com.example.BluditTest.beforeEach(BluditTest.java:29)
</error>
  </testcase>
  <testcase name="changePassword" classname="com.example.BluditTest" time="0.689">
    <error message="Could not start a new session. Response code 500. Message: session not created: This version of ChromeDriver only supports Chrome version 121&#10;Current browser version is 125.0.6422.142 with binary path /Applications/Google Chrome.app/Contents/MacOS/Google Chrome &#10;Host info: host: &apos;Nomundaris-MacBook-Air.local&apos;, ip: &apos;fe80:0:0:0:27:a83a:3a0e:ae0%en0&apos;&#10;Build info: version: &apos;4.20.0&apos;, revision: &apos;866c76ca80&apos;&#10;System info: os.name: &apos;Mac OS X&apos;, os.arch: &apos;aarch64&apos;, os.version: &apos;14.2.1&apos;, java.version: &apos;21.0.3&apos;&#10;Driver info: org.openqa.selenium.chrome.ChromeDriver&#10;Command: [null, newSession {capabilities=[Capabilities {browserName: chrome, goog:chromeOptions: {args: [], extensions: []}}]}]" type="org.openqa.selenium.SessionNotCreatedException">org.openqa.selenium.SessionNotCreatedException: 
Could not start a new session. Response code 500. Message: session not created: This version of ChromeDriver only supports Chrome version 121
Current browser version is 125.0.6422.142 with binary path /Applications/Google Chrome.app/Contents/MacOS/Google Chrome 
Host info: host: 'Nomundaris-MacBook-Air.local', ip: 'fe80:0:0:0:27:a83a:3a0e:ae0%en0'
Build info: version: '4.20.0', revision: '866c76ca80'
System info: os.name: 'Mac OS X', os.arch: 'aarch64', os.version: '14.2.1', java.version: '21.0.3'
Driver info: org.openqa.selenium.chrome.ChromeDriver
Command: [null, newSession {capabilities=[Capabilities {browserName: chrome, goog:chromeOptions: {args: [], extensions: []}}]}]
	at com.example.BluditTest.beforeEach(BluditTest.java:29)
</error>
  </testcase>
  <testcase name="changeUrl" classname="com.example.BluditTest" time="0.667">
    <error message="Could not start a new session. Response code 500. Message: session not created: This version of ChromeDriver only supports Chrome version 121&#10;Current browser version is 125.0.6422.142 with binary path /Applications/Google Chrome.app/Contents/MacOS/Google Chrome &#10;Host info: host: &apos;Nomundaris-MacBook-Air.local&apos;, ip: &apos;fe80:0:0:0:27:a83a:3a0e:ae0%en0&apos;&#10;Build info: version: &apos;4.20.0&apos;, revision: &apos;866c76ca80&apos;&#10;System info: os.name: &apos;Mac OS X&apos;, os.arch: &apos;aarch64&apos;, os.version: &apos;14.2.1&apos;, java.version: &apos;21.0.3&apos;&#10;Driver info: org.openqa.selenium.chrome.ChromeDriver&#10;Command: [null, newSession {capabilities=[Capabilities {browserName: chrome, goog:chromeOptions: {args: [], extensions: []}}]}]" type="org.openqa.selenium.SessionNotCreatedException">org.openqa.selenium.SessionNotCreatedException: 
Could not start a new session. Response code 500. Message: session not created: This version of ChromeDriver only supports Chrome version 121
Current browser version is 125.0.6422.142 with binary path /Applications/Google Chrome.app/Contents/MacOS/Google Chrome 
Host info: host: 'Nomundaris-MacBook-Air.local', ip: 'fe80:0:0:0:27:a83a:3a0e:ae0%en0'
Build info: version: '4.20.0', revision: '866c76ca80'
System info: os.name: 'Mac OS X', os.arch: 'aarch64', os.version: '14.2.1', java.version: '21.0.3'
Driver info: org.openqa.selenium.chrome.ChromeDriver
Command: [null, newSession {capabilities=[Capabilities {browserName: chrome, goog:chromeOptions: {args: [], extensions: []}}]}]
	at com.example.BluditTest.beforeEach(BluditTest.java:29)
</error>
  </testcase>
  <testcase name="deletePost" classname="com.example.BluditTest" time="0.644">
    <error message="Could not start a new session. Response code 500. Message: session not created: This version of ChromeDriver only supports Chrome version 121&#10;Current browser version is 125.0.6422.142 with binary path /Applications/Google Chrome.app/Contents/MacOS/Google Chrome &#10;Host info: host: &apos;Nomundaris-MacBook-Air.local&apos;, ip: &apos;fe80:0:0:0:27:a83a:3a0e:ae0%en0&apos;&#10;Build info: version: &apos;4.20.0&apos;, revision: &apos;866c76ca80&apos;&#10;System info: os.name: &apos;Mac OS X&apos;, os.arch: &apos;aarch64&apos;, os.version: &apos;14.2.1&apos;, java.version: &apos;21.0.3&apos;&#10;Driver info: org.openqa.selenium.chrome.ChromeDriver&#10;Command: [null, newSession {capabilities=[Capabilities {browserName: chrome, goog:chromeOptions: {args: [], extensions: []}}]}]" type="org.openqa.selenium.SessionNotCreatedException">org.openqa.selenium.SessionNotCreatedException: 
Could not start a new session. Response code 500. Message: session not created: This version of ChromeDriver only supports Chrome version 121
Current browser version is 125.0.6422.142 with binary path /Applications/Google Chrome.app/Contents/MacOS/Google Chrome 
Host info: host: 'Nomundaris-MacBook-Air.local', ip: 'fe80:0:0:0:27:a83a:3a0e:ae0%en0'
Build info: version: '4.20.0', revision: '866c76ca80'
System info: os.name: 'Mac OS X', os.arch: 'aarch64', os.version: '14.2.1', java.version: '21.0.3'
Driver info: org.openqa.selenium.chrome.ChromeDriver
Command: [null, newSession {capabilities=[Capabilities {browserName: chrome, goog:chromeOptions: {args: [], extensions: []}}]}]
	at com.example.BluditTest.beforeEach(BluditTest.java:29)
</error>
  </testcase>
</testsuite>